[12-May-2018 02:22:23 UTC] PHP Parse error:  syntax error, unexpected '<', expecting end of file in phar:///usr/local/bin/wp/vendor/rmccue/requests/library/Requests.php on line 212
[12-May-2018 02:22:24 UTC] PHP Fatal error:  Uncaught Error: Class 'WP_CLI\SynopsisValidator' not found in phar:///usr/local/bin/wp/php/WP_CLI/Dispatcher/Subcommand.php:254
Stack trace:
#0 phar:///usr/local/bin/wp/php/WP_CLI/Dispatcher/Subcommand.php(386): WP_CLI\Dispatcher\Subcommand->validate_args(Array, Array, Array)
#1 phar:///usr/local/bin/wp/php/WP_CLI/Runner.php(323): WP_CLI\Dispatcher\Subcommand->invoke(Array, Array, Array)
#2 phar:///usr/local/bin/wp/php/WP_CLI/Runner.php(330): WP_CLI\Runner->run_command(Array, Array)
#3 phar:///usr/local/bin/wp/php/WP_CLI/Runner.php(985): WP_CLI\Runner->_run_command()
#4 phar:///usr/local/bin/wp/php/WP_CLI/Bootstrap/LaunchRunner.php(23): WP_CLI\Runner->start()
#5 phar:///usr/local/bin/wp/php/bootstrap.php(75): WP_CLI\Bootstrap\LaunchRunner->process(Object(WP_CLI\Bootstrap\BootstrapState))
#6 phar:///usr/local/bin/wp/php/wp-cli.php(23): WP_CLI\bootstrap()
#7 phar:///usr/local/bin/wp/php/boot-phar.php(8): include('phar:///usr/loc...')
#8 /usr/local/bin/wp(4): include('phar:///usr/loc...')
#9 {main}
  thrown in phar:///usr/local/bin/wp/php/WP_CLI/Dispatcher/Subcommand.php on line 254
[12-May-2018 03:32:58 UTC] PHP Parse error:  syntax error, unexpected '$count' (T_VARIABLE), expecting ',' or ';' in /app/public/wp-content/themes/fictional-university-theme/index.php on line 5
[12-May-2018 03:58:12 UTC] PHP Parse error:  syntax error, unexpected end of file in /app/public/wp-content/themes/fictional-university-theme/index.php on line 9
[12-May-2018 03:59:22 UTC] PHP Parse error:  syntax error, unexpected end of file in /app/public/wp-content/themes/fictional-university-theme/index.php on line 8
[12-May-2018 03:59:23 UTC] PHP Parse error:  syntax error, unexpected end of file in /app/public/wp-content/themes/fictional-university-theme/index.php on line 8
[13-May-2018 04:39:00 UTC] PHP Parse error:  syntax error, unexpected ';', expecting ')' in /app/public/wp-content/themes/fictional-university-theme/page.php on line 38
[14-May-2018 06:10:14 UTC] PHP Fatal error:  Uncaught Error: Call to undefined function the_author_post_link() in /app/public/wp-content/themes/fictional-university-theme/index.php:22
Stack trace:
#0 /app/public/wp-includes/template-loader.php(74): include()
#1 /app/public/wp-blog-header.php(19): require_once('/app/public/wp-...')
#2 /app/public/index.php(17): require('/app/public/wp-...')
#3 {main}
  thrown in /app/public/wp-content/themes/fictional-university-theme/index.php on line 22
[03-May-2019 05:39:09 UTC] PHP Parse error:  syntax error, unexpected '/' in /app/public/wp-content/themes/fictional-university-theme/header.php on line 21
[03-May-2019 05:58:51 UTC] PHP Parse error:  syntax error, unexpected 'post_type' (T_STRING), expecting '(' in /app/public/wp-content/themes/fictional-university-theme/header.php on line 21
[03-May-2019 07:41:09 UTC] PHP Warning:  call_user_func_array() expects parameter 1 to be a valid callback, function 'university_post_types' not found or invalid function name in /app/public/wp-includes/class-wp-hook.php on line 286
[03-May-2019 07:41:09 UTC] PHP Warning:  call_user_func_array() expects parameter 1 to be a valid callback, function 'university_post_types' not found or invalid function name in /app/public/wp-includes/class-wp-hook.php on line 286
[03-May-2019 07:58:15 UTC] PHP Parse error:  syntax error, unexpected '>' in /app/public/wp-content/themes/fictional-university-theme/functions.php on line 15
[03-May-2019 08:00:29 UTC] PHP Parse error:  syntax error, unexpected '=>' (T_DOUBLE_ARROW), expecting ')' in /app/public/wp-content/mu-plugins/university-post-types.php on line 9
[03-May-2019 08:00:33 UTC] PHP Parse error:  syntax error, unexpected '=>' (T_DOUBLE_ARROW), expecting ')' in /app/public/wp-content/mu-plugins/university-post-types.php on line 9
[04-May-2019 05:56:30 UTC] PHP Parse error:  syntax error, unexpected ''has_archive'' (T_CONSTANT_ENCAPSED_STRING), expecting ')' in /app/public/wp-content/mu-plugins/university-post-types.php on line 6
[04-May-2019 05:56:30 UTC] PHP Parse error:  syntax error, unexpected ''has_archive'' (T_CONSTANT_ENCAPSED_STRING), expecting ')' in /app/public/wp-content/mu-plugins/university-post-types.php on line 6
[04-May-2019 05:56:42 UTC] PHP Parse error:  syntax error, unexpected ''has_archive'' (T_CONSTANT_ENCAPSED_STRING), expecting ')' in /app/public/wp-content/mu-plugins/university-post-types.php on line 6
[04-May-2019 10:22:09 UTC] PHP Parse error:  syntax error, unexpected '}', expecting ',' or ';' in /app/public/wp-content/themes/fictional-university-theme/front-page.php on line 66
[04-May-2019 10:22:23 UTC] PHP Parse error:  syntax error, unexpected '}', expecting ',' or ';' in /app/public/wp-content/themes/fictional-university-theme/front-page.php on line 66
[04-May-2019 10:22:47 UTC] PHP Parse error:  syntax error, unexpected '}', expecting ',' or ';' in /app/public/wp-content/themes/fictional-university-theme/front-page.php on line 66
[04-May-2019 11:03:48 UTC] PHP Fatal error:  Uncaught Exception: DateTime::__construct(): Failed to parse time string (16/05/2019) at position 0 (1): Unexpected character in /app/public/wp-content/themes/fictional-university-theme/front-page.php:28
Stack trace:
#0 /app/public/wp-content/themes/fictional-university-theme/front-page.php(28): DateTime->__construct('16/05/2019')
#1 /app/public/wp-includes/template-loader.php(74): include('/app/public/wp-...')
#2 /app/public/wp-blog-header.php(19): require_once('/app/public/wp-...')
#3 /app/public/index.php(17): require('/app/public/wp-...')
#4 {main}
  thrown in /app/public/wp-content/themes/fictional-university-theme/front-page.php on line 28
[04-May-2019 11:04:00 UTC] PHP Fatal error:  Uncaught Exception: DateTime::__construct(): Failed to parse time string (16/05/2019) at position 0 (1): Unexpected character in /app/public/wp-content/themes/fictional-university-theme/front-page.php:28
Stack trace:
#0 /app/public/wp-content/themes/fictional-university-theme/front-page.php(28): DateTime->__construct('16/05/2019')
#1 /app/public/wp-includes/template-loader.php(74): include('/app/public/wp-...')
#2 /app/public/wp-blog-header.php(19): require_once('/app/public/wp-...')
#3 /app/public/index.php(17): require('/app/public/wp-...')
#4 {main}
  thrown in /app/public/wp-content/themes/fictional-university-theme/front-page.php on line 28
[04-May-2019 11:04:19 UTC] PHP Fatal error:  Uncaught Exception: DateTime::__construct(): Failed to parse time string (16/05/2019) at position 0 (1): Unexpected character in /app/public/wp-content/themes/fictional-university-theme/front-page.php:28
Stack trace:
#0 /app/public/wp-content/themes/fictional-university-theme/front-page.php(28): DateTime->__construct('16/05/2019')
#1 /app/public/wp-includes/template-loader.php(74): include('/app/public/wp-...')
#2 /app/public/wp-blog-header.php(19): require_once('/app/public/wp-...')
#3 /app/public/index.php(17): require('/app/public/wp-...')
#4 {main}
  thrown in /app/public/wp-content/themes/fictional-university-theme/front-page.php on line 28
[04-May-2019 11:04:20 UTC] PHP Fatal error:  Uncaught Exception: DateTime::__construct(): Failed to parse time string (16/05/2019) at position 0 (1): Unexpected character in /app/public/wp-content/themes/fictional-university-theme/front-page.php:28
Stack trace:
#0 /app/public/wp-content/themes/fictional-university-theme/front-page.php(28): DateTime->__construct('16/05/2019')
#1 /app/public/wp-includes/template-loader.php(74): include('/app/public/wp-...')
#2 /app/public/wp-blog-header.php(19): require_once('/app/public/wp-...')
#3 /app/public/index.php(17): require('/app/public/wp-...')
#4 {main}
  thrown in /app/public/wp-content/themes/fictional-university-theme/front-page.php on line 28
[04-May-2019 11:04:20 UTC] PHP Fatal error:  Uncaught Exception: DateTime::__construct(): Failed to parse time string (16/05/2019) at position 0 (1): Unexpected character in /app/public/wp-content/themes/fictional-university-theme/front-page.php:28
Stack trace:
#0 /app/public/wp-content/themes/fictional-university-theme/front-page.php(28): DateTime->__construct('16/05/2019')
#1 /app/public/wp-includes/template-loader.php(74): include('/app/public/wp-...')
#2 /app/public/wp-blog-header.php(19): require_once('/app/public/wp-...')
#3 /app/public/index.php(17): require('/app/public/wp-...')
#4 {main}
  thrown in /app/public/wp-content/themes/fictional-university-theme/front-page.php on line 28
[04-May-2019 11:04:38 UTC] PHP Fatal error:  Uncaught Exception: DateTime::__construct(): Failed to parse time string (16/05/2019) at position 0 (1): Unexpected character in /app/public/wp-content/themes/fictional-university-theme/front-page.php:28
Stack trace:
#0 /app/public/wp-content/themes/fictional-university-theme/front-page.php(28): DateTime->__construct('16/05/2019')
#1 /app/public/wp-includes/template-loader.php(74): include('/app/public/wp-...')
#2 /app/public/wp-blog-header.php(19): require_once('/app/public/wp-...')
#3 /app/public/index.php(17): require('/app/public/wp-...')
#4 {main}
  thrown in /app/public/wp-content/themes/fictional-university-theme/front-page.php on line 28
[04-May-2019 11:05:56 UTC] PHP Fatal error:  Uncaught Exception: DateTime::__construct(): Failed to parse time string (16/05/2019) at position 0 (1): Unexpected character in /app/public/wp-content/themes/fictional-university-theme/front-page.php:28
Stack trace:
#0 /app/public/wp-content/themes/fictional-university-theme/front-page.php(28): DateTime->__construct('16/05/2019')
#1 /app/public/wp-includes/template-loader.php(74): include('/app/public/wp-...')
#2 /app/public/wp-blog-header.php(19): require_once('/app/public/wp-...')
#3 /app/public/index.php(17): require('/app/public/wp-...')
#4 {main}
  thrown in /app/public/wp-content/themes/fictional-university-theme/front-page.php on line 28
[04-May-2019 11:07:01 UTC] PHP Fatal error:  Uncaught Exception: DateTime::__construct(): Failed to parse time string (16/05/2019) at position 0 (1): Unexpected character in /app/public/wp-content/themes/fictional-university-theme/front-page.php:28
Stack trace:
#0 /app/public/wp-content/themes/fictional-university-theme/front-page.php(28): DateTime->__construct('16/05/2019')
#1 /app/public/wp-includes/template-loader.php(74): include('/app/public/wp-...')
#2 /app/public/wp-blog-header.php(19): require_once('/app/public/wp-...')
#3 /app/public/index.php(17): require('/app/public/wp-...')
#4 {main}
  thrown in /app/public/wp-content/themes/fictional-university-theme/front-page.php on line 28
[04-May-2019 11:10:14 UTC] PHP Fatal error:  Uncaught Exception: DateTime::__construct(): Failed to parse time string (16/05/2019) at position 0 (1): Unexpected character in /app/public/wp-content/themes/fictional-university-theme/front-page.php:28
Stack trace:
#0 /app/public/wp-content/themes/fictional-university-theme/front-page.php(28): DateTime->__construct('16/05/2019')
#1 /app/public/wp-includes/template-loader.php(74): include('/app/public/wp-...')
#2 /app/public/wp-blog-header.php(19): require_once('/app/public/wp-...')
#3 /app/public/index.php(17): require('/app/public/wp-...')
#4 {main}
  thrown in /app/public/wp-content/themes/fictional-university-theme/front-page.php on line 28
[04-May-2019 11:11:38 UTC] PHP Fatal error:  Uncaught Exception: DateTime::__construct(): Failed to parse time string (16/05/2019) at position 0 (1): Unexpected character in /app/public/wp-content/themes/fictional-university-theme/front-page.php:28
Stack trace:
#0 /app/public/wp-content/themes/fictional-university-theme/front-page.php(28): DateTime->__construct('16/05/2019')
#1 /app/public/wp-includes/template-loader.php(74): include('/app/public/wp-...')
#2 /app/public/wp-blog-header.php(19): require_once('/app/public/wp-...')
#3 /app/public/index.php(17): require('/app/public/wp-...')
#4 {main}
  thrown in /app/public/wp-content/themes/fictional-university-theme/front-page.php on line 28
[04-May-2019 11:28:03 UTC] PHP Parse error:  syntax error, unexpected 'order' (T_STRING), expecting ')' in /app/public/wp-content/themes/fictional-university-theme/front-page.php on line 22
[06-May-2019 01:23:05 UTC] PHP Parse error:  syntax error, unexpected end of file in /app/public/wp-content/themes/fictional-university-theme/functions.php on line 18
[06-May-2019 01:23:06 UTC] PHP Parse error:  syntax error, unexpected end of file in /app/public/wp-content/themes/fictional-university-theme/functions.php on line 18
[06-May-2019 01:23:06 UTC] PHP Parse error:  syntax error, unexpected end of file in /app/public/wp-content/themes/fictional-university-theme/functions.php on line 18
[06-May-2019 01:25:21 UTC] PHP Parse error:  syntax error, unexpected '}' in /app/public/wp-content/themes/fictional-university-theme/functions.php on line 20
[06-May-2019 01:26:04 UTC] PHP Parse error:  syntax error, unexpected '}' in /app/public/wp-content/themes/fictional-university-theme/functions.php on line 20
[06-May-2019 01:31:13 UTC] PHP Parse error:  syntax error, unexpected ')' in /app/public/wp-content/themes/fictional-university-theme/functions.php on line 19
[06-May-2019 01:31:13 UTC] PHP Parse error:  syntax error, unexpected ')' in /app/public/wp-content/themes/fictional-university-theme/functions.php on line 19
[06-May-2019 01:31:13 UTC] PHP Parse error:  syntax error, unexpected ')' in /app/public/wp-content/themes/fictional-university-theme/functions.php on line 19
[06-May-2019 01:38:33 UTC] PHP Parse error:  syntax error, unexpected ';' in /app/public/wp-content/themes/fictional-university-theme/functions.php on line 20
[06-May-2019 01:43:12 UTC] PHP Parse error:  syntax error, unexpected ';', expecting ',' or ')' in /app/public/wp-content/themes/fictional-university-theme/functions.php on line 30
[06-May-2019 01:43:19 UTC] PHP Parse error:  syntax error, unexpected ';', expecting ',' or ')' in /app/public/wp-content/themes/fictional-university-theme/functions.php on line 30
[06-May-2019 02:20:14 UTC] PHP Parse error:  syntax error, unexpected 'while' (T_WHILE) in /app/public/wp-content/themes/fictional-university-theme/page-past-events.php on line 22
[06-May-2019 02:20:27 UTC] PHP Parse error:  syntax error, unexpected 'while' (T_WHILE) in /app/public/wp-content/themes/fictional-university-theme/page-past-events.php on line 22
[06-May-2019 02:42:48 UTC] PHP Parse error:  syntax error, unexpected 'OR' (T_LOGICAL_OR) in /app/public/wp-content/themes/fictional-university-theme/header.php on line 19
[06-May-2019 02:42:49 UTC] PHP Parse error:  syntax error, unexpected 'OR' (T_LOGICAL_OR) in /app/public/wp-content/themes/fictional-university-theme/header.php on line 19
[06-May-2019 02:43:28 UTC] PHP Parse error:  syntax error, unexpected 'OR' (T_LOGICAL_OR) in /app/public/wp-content/themes/fictional-university-theme/header.php on line 19
[06-May-2019 02:43:51 UTC] PHP Parse error:  syntax error, unexpected 'or' (T_LOGICAL_OR) in /app/public/wp-content/themes/fictional-university-theme/header.php on line 19
[06-May-2019 02:45:08 UTC] PHP Parse error:  syntax error, unexpected 'or' (T_LOGICAL_OR) in /app/public/wp-content/themes/fictional-university-theme/header.php on line 19
[06-May-2019 02:45:46 UTC] PHP Parse error:  syntax error, unexpected 'OR' (T_LOGICAL_OR) in /app/public/wp-content/themes/fictional-university-theme/header.php on line 19
[06-May-2019 02:46:26 UTC] PHP Parse error:  syntax error, unexpected 'OR' (T_LOGICAL_OR) in /app/public/wp-content/themes/fictional-university-theme/header.php on line 19
[06-May-2019 04:43:00 UTC] PHP Warning:  Invalid argument supplied for foreach() in /app/public/wp-content/themes/fictional-university-theme/single-event.php on line 34
[06-May-2019 04:43:10 UTC] PHP Warning:  Invalid argument supplied for foreach() in /app/public/wp-content/themes/fictional-university-theme/single-event.php on line 34
[06-May-2019 04:43:12 UTC] PHP Warning:  Invalid argument supplied for foreach() in /app/public/wp-content/themes/fictional-university-theme/single-event.php on line 34
[06-May-2019 04:45:10 UTC] PHP Warning:  Invalid argument supplied for foreach() in /app/public/wp-content/themes/fictional-university-theme/single-event.php on line 34
[06-May-2019 04:45:30 UTC] PHP Warning:  Invalid argument supplied for foreach() in /app/public/wp-content/themes/fictional-university-theme/single-event.php on line 34
[06-May-2019 04:45:36 UTC] PHP Warning:  Invalid argument supplied for foreach() in /app/public/wp-content/themes/fictional-university-theme/single-event.php on line 34
[06-May-2019 04:46:15 UTC] PHP Warning:  Invalid argument supplied for foreach() in /app/public/wp-content/themes/fictional-university-theme/single-event.php on line 34
[06-May-2019 04:46:17 UTC] PHP Warning:  Invalid argument supplied for foreach() in /app/public/wp-content/themes/fictional-university-theme/single-event.php on line 34
[06-May-2019 04:46:41 UTC] PHP Warning:  Invalid argument supplied for foreach() in /app/public/wp-content/themes/fictional-university-theme/single-event.php on line 34
[06-May-2019 04:47:06 UTC] PHP Warning:  Invalid argument supplied for foreach() in /app/public/wp-content/themes/fictional-university-theme/single-event.php on line 34
[06-May-2019 04:47:18 UTC] PHP Warning:  Invalid argument supplied for foreach() in /app/public/wp-content/themes/fictional-university-theme/single-event.php on line 34
[06-May-2019 04:47:37 UTC] PHP Warning:  Invalid argument supplied for foreach() in /app/public/wp-content/themes/fictional-university-theme/single-event.php on line 34
[06-May-2019 04:48:48 UTC] PHP Warning:  Invalid argument supplied for foreach() in /app/public/wp-content/themes/fictional-university-theme/single-event.php on line 35
[06-May-2019 04:49:35 UTC] PHP Warning:  Invalid argument supplied for foreach() in /app/public/wp-content/themes/fictional-university-theme/single-event.php on line 35
[06-May-2019 04:50:26 UTC] PHP Warning:  Invalid argument supplied for foreach() in /app/public/wp-content/themes/fictional-university-theme/single-event.php on line 37
[06-May-2019 04:50:30 UTC] PHP Warning:  Invalid argument supplied for foreach() in /app/public/wp-content/themes/fictional-university-theme/single-event.php on line 37
[06-May-2019 04:54:43 UTC] PHP Parse error:  syntax error, unexpected 'echo' (T_ECHO), expecting ',' or ';' in /app/public/wp-content/themes/fictional-university-theme/single-event.php on line 40
[06-May-2019 04:54:50 UTC] PHP Parse error:  syntax error, unexpected 'echo' (T_ECHO), expecting ',' or ';' in /app/public/wp-content/themes/fictional-university-theme/single-event.php on line 40
[06-May-2019 04:56:05 UTC] PHP Parse error:  syntax error, unexpected '}', expecting ',' or ';' in /app/public/wp-content/themes/fictional-university-theme/single-event.php on line 48
[06-May-2019 04:56:05 UTC] PHP Parse error:  syntax error, unexpected '}', expecting ',' or ';' in /app/public/wp-content/themes/fictional-university-theme/single-event.php on line 48
[06-May-2019 04:58:08 UTC] PHP Parse error:  syntax error, unexpected 'echo' (T_ECHO), expecting ',' or ';' in /app/public/wp-content/themes/fictional-university-theme/single-event.php on line 40
[06-May-2019 04:58:10 UTC] PHP Parse error:  syntax error, unexpected 'echo' (T_ECHO), expecting ',' or ';' in /app/public/wp-content/themes/fictional-university-theme/single-event.php on line 40
[06-May-2019 04:58:18 UTC] PHP Parse error:  syntax error, unexpected ';' in /app/public/wp-content/themes/fictional-university-theme/single-event.php on line 39
[06-May-2019 04:58:55 UTC] PHP Parse error:  syntax error, unexpected 'echo' (T_ECHO), expecting ',' or ';' in /app/public/wp-content/themes/fictional-university-theme/single-event.php on line 40
[06-May-2019 04:58:55 UTC] PHP Parse error:  syntax error, unexpected 'echo' (T_ECHO), expecting ',' or ';' in /app/public/wp-content/themes/fictional-university-theme/single-event.php on line 40
[06-May-2019 05:06:30 UTC] PHP Parse error:  syntax error, unexpected '}', expecting end of file in /app/public/wp-content/themes/fictional-university-theme/single-program.php on line 72
[06-May-2019 05:17:58 UTC] PHP Parse error:  syntax error, unexpected 'echo' (T_ECHO), expecting ',' or ';' in /app/public/wp-content/themes/fictional-university-theme/single-program.php on line 55
[06-May-2019 05:21:00 UTC] PHP Parse error:  syntax error, unexpected end of file in /app/public/wp-content/themes/fictional-university-theme/single-program.php on line 85
[06-May-2019 05:22:26 UTC] PHP Parse error:  syntax error, unexpected end of file in /app/public/wp-content/themes/fictional-university-theme/single-program.php on line 85
[06-May-2019 05:35:21 UTC] PHP Parse error:  syntax error, unexpected 'echo' (T_ECHO) in /app/public/wp-content/themes/fictional-university-theme/header.php on line 18
[06-May-2019 05:35:28 UTC] PHP Parse error:  syntax error, unexpected 'echo' (T_ECHO) in /app/public/wp-content/themes/fictional-university-theme/header.php on line 18
[06-May-2019 07:03:52 UTC] PHP Parse error:  syntax error, unexpected 'get_the_title' (T_STRING), expecting ',' or ';' in /app/public/wp-content/themes/fictional-university-theme/single-program.php on line 49
[06-May-2019 07:03:53 UTC] PHP Parse error:  syntax error, unexpected 'get_the_title' (T_STRING), expecting ',' or ';' in /app/public/wp-content/themes/fictional-university-theme/single-program.php on line 49
[06-May-2019 07:05:11 UTC] PHP Parse error:  syntax error, unexpected 'get_the_title' (T_STRING), expecting ',' or ';' in /app/public/wp-content/themes/fictional-university-theme/single-program.php on line 49
[06-May-2019 07:05:44 UTC] PHP Parse error:  syntax error, unexpected 'get_the_title' (T_STRING), expecting ',' or ';' in /app/public/wp-content/themes/fictional-university-theme/single-program.php on line 49
[06-May-2019 07:05:44 UTC] PHP Parse error:  syntax error, unexpected 'get_the_title' (T_STRING), expecting ',' or ';' in /app/public/wp-content/themes/fictional-university-theme/single-program.php on line 49
[06-May-2019 08:06:45 UTC] PHP Parse error:  syntax error, unexpected '}' in /app/public/wp-content/themes/fictional-university-theme/functions.php on line 15
[06-May-2019 08:06:45 UTC] PHP Parse error:  syntax error, unexpected '}' in /app/public/wp-content/themes/fictional-university-theme/functions.php on line 15
[06-May-2019 08:06:45 UTC] PHP Parse error:  syntax error, unexpected '}' in /app/public/wp-content/themes/fictional-university-theme/functions.php on line 15
[06-May-2019 08:08:07 UTC] PHP Parse error:  syntax error, unexpected '}' in /app/public/wp-content/themes/fictional-university-theme/functions.php on line 15
[07-May-2019 00:32:29 UTC] PHP Fatal error:  Uncaught Error: Call to undefined function pageBanner() in /app/public/wp-content/themes/fictional-university-theme/single-professor.php:6
Stack trace:
#0 /app/public/wp-includes/template-loader.php(74): include()
#1 /app/public/wp-blog-header.php(19): require_once('/app/public/wp-...')
#2 /app/public/index.php(17): require('/app/public/wp-...')
#3 {main}
  thrown in /app/public/wp-content/themes/fictional-university-theme/single-professor.php on line 6
[07-May-2019 00:32:31 UTC] PHP Fatal error:  Uncaught Error: Call to undefined function pageBanner() in /app/public/wp-content/themes/fictional-university-theme/single-professor.php:6
Stack trace:
#0 /app/public/wp-includes/template-loader.php(74): include()
#1 /app/public/wp-blog-header.php(19): require_once('/app/public/wp-...')
#2 /app/public/index.php(17): require('/app/public/wp-...')
#3 {main}
  thrown in /app/public/wp-content/themes/fictional-university-theme/single-professor.php on line 6
[07-May-2019 00:33:16 UTC] PHP Fatal error:  Uncaught Error: Call to undefined function pageBanner() in /app/public/wp-content/themes/fictional-university-theme/single-professor.php:6
Stack trace:
#0 /app/public/wp-includes/template-loader.php(74): include()
#1 /app/public/wp-blog-header.php(19): require_once('/app/public/wp-...')
#2 /app/public/index.php(17): require('/app/public/wp-...')
#3 {main}
  thrown in /app/public/wp-content/themes/fictional-university-theme/single-professor.php on line 6
[07-May-2019 00:33:16 UTC] PHP Fatal error:  Uncaught Error: Call to undefined function pageBanner() in /app/public/wp-content/themes/fictional-university-theme/single-professor.php:6
Stack trace:
#0 /app/public/wp-includes/template-loader.php(74): include()
#1 /app/public/wp-blog-header.php(19): require_once('/app/public/wp-...')
#2 /app/public/index.php(17): require('/app/public/wp-...')
#3 {main}
  thrown in /app/public/wp-content/themes/fictional-university-theme/single-professor.php on line 6
[07-May-2019 00:34:25 UTC] PHP Fatal error:  Uncaught Error: Call to undefined function page_banner() in /app/public/wp-content/themes/fictional-university-theme/single-professor.php:6
Stack trace:
#0 /app/public/wp-includes/template-loader.php(74): include()
#1 /app/public/wp-blog-header.php(19): require_once('/app/public/wp-...')
#2 /app/public/index.php(17): require('/app/public/wp-...')
#3 {main}
  thrown in /app/public/wp-content/themes/fictional-university-theme/single-professor.php on line 6
[07-May-2019 00:34:26 UTC] PHP Fatal error:  Uncaught Error: Call to undefined function page_banner() in /app/public/wp-content/themes/fictional-university-theme/single-professor.php:6
Stack trace:
#0 /app/public/wp-includes/template-loader.php(74): include()
#1 /app/public/wp-blog-header.php(19): require_once('/app/public/wp-...')
#2 /app/public/index.php(17): require('/app/public/wp-...')
#3 {main}
  thrown in /app/public/wp-content/themes/fictional-university-theme/single-professor.php on line 6
[07-May-2019 02:30:44 UTC] PHP Parse error:  syntax error, unexpected ',' in /app/public/wp-content/themes/fictional-university-theme/functions.php on line 14
[07-May-2019 02:30:44 UTC] PHP Parse error:  syntax error, unexpected ',' in /app/public/wp-content/themes/fictional-university-theme/functions.php on line 14
[07-May-2019 02:30:44 UTC] PHP Parse error:  syntax error, unexpected ',' in /app/public/wp-content/themes/fictional-university-theme/functions.php on line 14
[07-May-2019 02:36:32 UTC] PHP Fatal error:  Uncaught ArgumentCountError: Too few arguments to function pageBanner(), 0 passed in /app/public/wp-content/themes/fictional-university-theme/page.php on line 6 and exactly 1 expected in /app/public/wp-content/themes/fictional-university-theme/functions.php:3
Stack trace:
#0 /app/public/wp-content/themes/fictional-university-theme/page.php(6): pageBanner()
#1 /app/public/wp-includes/template-loader.php(74): include('/app/public/wp-...')
#2 /app/public/wp-blog-header.php(19): require_once('/app/public/wp-...')
#3 /app/public/index.php(17): require('/app/public/wp-...')
#4 {main}
  thrown in /app/public/wp-content/themes/fictional-university-theme/functions.php on line 3
[07-May-2019 02:42:46 UTC] PHP Fatal error:  Uncaught Error: Call to undefined function page_banner() in /app/public/wp-content/themes/fictional-university-theme/archive-program.php:5
Stack trace:
#0 /app/public/wp-includes/template-loader.php(74): include()
#1 /app/public/wp-blog-header.php(19): require_once('/app/public/wp-...')
#2 /app/public/index.php(17): require('/app/public/wp-...')
#3 {main}
  thrown in /app/public/wp-content/themes/fictional-university-theme/archive-program.php on line 5
[07-May-2019 02:42:58 UTC] PHP Fatal error:  Uncaught Error: Call to undefined function page_banner() in /app/public/wp-content/themes/fictional-university-theme/archive-program.php:5
Stack trace:
#0 /app/public/wp-includes/template-loader.php(74): include()
#1 /app/public/wp-blog-header.php(19): require_once('/app/public/wp-...')
#2 /app/public/index.php(17): require('/app/public/wp-...')
#3 {main}
  thrown in /app/public/wp-content/themes/fictional-university-theme/archive-program.php on line 5
[07-May-2019 02:42:58 UTC] PHP Fatal error:  Uncaught Error: Call to undefined function page_banner() in /app/public/wp-content/themes/fictional-university-theme/archive-program.php:5
Stack trace:
#0 /app/public/wp-includes/template-loader.php(74): include()
#1 /app/public/wp-blog-header.php(19): require_once('/app/public/wp-...')
#2 /app/public/index.php(17): require('/app/public/wp-...')
#3 {main}
  thrown in /app/public/wp-content/themes/fictional-university-theme/archive-program.php on line 5
[07-May-2019 02:49:33 UTC] PHP Parse error:  syntax error, unexpected ')' in /app/public/wp-content/themes/fictional-university-theme/single-event.php on line 6
[07-May-2019 03:49:37 UTC] PHP Parse error:  syntax error, unexpected end of file in /app/public/wp-content/themes/fictional-university-theme/functions.php on line 74
[07-May-2019 03:49:38 UTC] PHP Parse error:  syntax error, unexpected end of file in /app/public/wp-content/themes/fictional-university-theme/functions.php on line 74
[07-May-2019 03:49:38 UTC] PHP Parse error:  syntax error, unexpected end of file in /app/public/wp-content/themes/fictional-university-theme/functions.php on line 74
[07-May-2019 03:52:00 UTC] PHP Parse error:  syntax error, unexpected ';' in /app/public/wp-content/themes/fictional-university-theme/functions.php on line 73
[07-May-2019 03:53:08 UTC] PHP Parse error:  syntax error, unexpected end of file in /app/public/wp-content/themes/fictional-university-theme/functions.php on line 78
[07-May-2019 05:45:40 UTC] PHP Parse error:  syntax error, unexpected '}', expecting ',' or ';' in /app/public/wp-content/themes/fictional-university-theme/single-program.php on line 94
[07-May-2019 05:45:53 UTC] PHP Parse error:  syntax error, unexpected '}', expecting ',' or ';' in /app/public/wp-content/themes/fictional-university-theme/single-program.php on line 94
[07-May-2019 05:53:22 UTC] PHP Parse error:  syntax error, unexpected 'echo' (T_ECHO), expecting ',' or ';' in /app/public/wp-content/themes/fictional-university-theme/single-program.php on line 94
[08-May-2019 03:37:46 UTC] PHP Parse error:  syntax error, unexpected ';', expecting ')' in /app/public/wp-content/themes/fictional-university-theme/functions.php on line 36
[08-May-2019 03:37:46 UTC] PHP Parse error:  syntax error, unexpected ';', expecting ')' in /app/public/wp-content/themes/fictional-university-theme/functions.php on line 36
[08-May-2019 03:37:46 UTC] PHP Parse error:  syntax error, unexpected ';', expecting ')' in /app/public/wp-content/themes/fictional-university-theme/functions.php on line 36
[08-May-2019 03:37:46 UTC] PHP Parse error:  syntax error, unexpected ';', expecting ')' in /app/public/wp-content/themes/fictional-university-theme/functions.php on line 36
[08-May-2019 03:37:48 UTC] PHP Parse error:  syntax error, unexpected ';', expecting ')' in /app/public/wp-content/themes/fictional-university-theme/functions.php on line 36
[08-May-2019 03:37:57 UTC] PHP Fatal error:  Uncaught Error: Call to undefined function get_site() in /app/public/wp-content/themes/fictional-university-theme/functions.php:36
Stack trace:
#0 /app/public/wp-includes/class-wp-hook.php(286): university_files('')
#1 /app/public/wp-includes/class-wp-hook.php(310): WP_Hook->apply_filters('', Array)
#2 /app/public/wp-includes/plugin.php(453): WP_Hook->do_action(Array)
#3 /app/public/wp-includes/script-loader.php(1447): do_action('wp_enqueue_scri...')
#4 /app/public/wp-includes/class-wp-hook.php(286): wp_enqueue_scripts('')
#5 /app/public/wp-includes/class-wp-hook.php(310): WP_Hook->apply_filters(NULL, Array)
#6 /app/public/wp-includes/plugin.php(453): WP_Hook->do_action(Array)
#7 /app/public/wp-includes/general-template.php(2614): do_action('wp_head')
#8 /app/public/wp-content/themes/fictional-university-theme/header.php(6): wp_head()
#9 /app/public/wp-includes/template.php(688): require_once('/app/public/wp-...')
#10 /app/public/wp-includes/template.php(647): load_template('/app/public/wp-...', true)
#11 /ap in /app/public/wp-content/themes/fictional-university-theme/functions.php on line 36
[08-May-2019 03:37:59 UTC] PHP Fatal error:  Uncaught Error: Call to undefined function get_site() in /app/public/wp-content/themes/fictional-university-theme/functions.php:36
Stack trace:
#0 /app/public/wp-includes/class-wp-hook.php(286): university_files('')
#1 /app/public/wp-includes/class-wp-hook.php(310): WP_Hook->apply_filters('', Array)
#2 /app/public/wp-includes/plugin.php(453): WP_Hook->do_action(Array)
#3 /app/public/wp-includes/script-loader.php(1447): do_action('wp_enqueue_scri...')
#4 /app/public/wp-includes/class-wp-hook.php(286): wp_enqueue_scripts('')
#5 /app/public/wp-includes/class-wp-hook.php(310): WP_Hook->apply_filters(NULL, Array)
#6 /app/public/wp-includes/plugin.php(453): WP_Hook->do_action(Array)
#7 /app/public/wp-includes/general-template.php(2614): do_action('wp_head')
#8 /app/public/wp-content/themes/fictional-university-theme/header.php(6): wp_head()
#9 /app/public/wp-includes/template.php(688): require_once('/app/public/wp-...')
#10 /app/public/wp-includes/template.php(647): load_template('/app/public/wp-...', true)
#11 /ap in /app/public/wp-content/themes/fictional-university-theme/functions.php on line 36
[08-May-2019 04:47:04 UTC] PHP Parse error:  syntax error, unexpected 'function' (T_FUNCTION) in /app/public/wp-content/themes/fictional-university-theme/functions.php on line 5
[08-May-2019 04:47:04 UTC] PHP Parse error:  syntax error, unexpected 'function' (T_FUNCTION) in /app/public/wp-content/themes/fictional-university-theme/functions.php on line 5
[08-May-2019 04:53:09 UTC] PHP Parse error:  syntax error, unexpected 'function' (T_FUNCTION) in /app/public/wp-content/themes/fictional-university-theme/functions.php on line 11
[08-May-2019 05:58:55 UTC] PHP Parse error:  syntax error, unexpected '}', expecting ';' in /app/public/wp-content/themes/fictional-university-theme/inc/search-route.php on line 19
[08-May-2019 05:58:55 UTC] PHP Parse error:  syntax error, unexpected '}', expecting ';' in /app/public/wp-content/themes/fictional-university-theme/inc/search-route.php on line 19
[08-May-2019 05:59:05 UTC] PHP Parse error:  syntax error, unexpected '}', expecting ';' in /app/public/wp-content/themes/fictional-university-theme/inc/search-route.php on line 19
[08-May-2019 06:09:12 UTC] PHP Parse error:  syntax error, unexpected '}', expecting ';' in /app/public/wp-content/themes/fictional-university-theme/inc/search-route.php on line 19
[08-May-2019 06:37:36 UTC] PHP Parse error:  syntax error, unexpected 'array' (T_ARRAY), expecting ')' in /app/public/wp-content/themes/fictional-university-theme/inc/search-route.php on line 23
[08-May-2019 07:51:51 UTC] PHP Parse error:  syntax error, unexpected '=', expecting ')' in /app/public/wp-content/themes/fictional-university-theme/inc/search-route.php on line 69
[08-May-2019 07:53:27 UTC] PHP Parse error:  syntax error, unexpected '=', expecting ')' in /app/public/wp-content/themes/fictional-university-theme/inc/search-route.php on line 69
[08-May-2019 08:24:56 UTC] PHP Parse error:  syntax error, unexpected 'while' (T_WHILE) in /app/public/wp-content/themes/fictional-university-theme/inc/search-route.php on line 86
[08-May-2019 08:26:56 UTC] PHP Parse error:  syntax error, unexpected 'while' (T_WHILE) in /app/public/wp-content/themes/fictional-university-theme/inc/search-route.php on line 86
[08-May-2019 08:28:56 UTC] PHP Parse error:  syntax error, unexpected 'while' (T_WHILE) in /app/public/wp-content/themes/fictional-university-theme/inc/search-route.php on line 86
[08-May-2019 08:30:56 UTC] PHP Parse error:  syntax error, unexpected 'while' (T_WHILE) in /app/public/wp-content/themes/fictional-university-theme/inc/search-route.php on line 86
[08-May-2019 08:32:56 UTC] PHP Parse error:  syntax error, unexpected 'while' (T_WHILE) in /app/public/wp-content/themes/fictional-university-theme/inc/search-route.php on line 86
[08-May-2019 08:34:56 UTC] PHP Parse error:  syntax error, unexpected 'while' (T_WHILE) in /app/public/wp-content/themes/fictional-university-theme/inc/search-route.php on line 86
[08-May-2019 08:36:24 UTC] PHP Parse error:  syntax error, unexpected 'while' (T_WHILE) in /app/public/wp-content/themes/fictional-university-theme/inc/search-route.php on line 87
[08-May-2019 08:44:51 UTC] PHP Parse error:  syntax error, unexpected '}' in /app/public/wp-content/themes/fictional-university-theme/inc/search-route.php on line 82
[08-May-2019 08:44:56 UTC] PHP Parse error:  syntax error, unexpected '}' in /app/public/wp-content/themes/fictional-university-theme/inc/search-route.php on line 82
[08-May-2019 08:46:56 UTC] PHP Parse error:  syntax error, unexpected '}' in /app/public/wp-content/themes/fictional-university-theme/inc/search-route.php on line 82
[08-May-2019 08:48:56 UTC] PHP Parse error:  syntax error, unexpected '}' in /app/public/wp-content/themes/fictional-university-theme/inc/search-route.php on line 82
[08-May-2019 08:49:19 UTC] PHP Parse error:  syntax error, unexpected '}' in /app/public/wp-content/themes/fictional-university-theme/inc/search-route.php on line 85
[09-May-2019 04:52:19 UTC] PHP Parse error:  syntax error, unexpected '}' in /app/public/wp-content/themes/fictional-university-theme/functions.php on line 103
[09-May-2019 08:50:37 UTC] PHP Parse error:  syntax error, unexpected '}', expecting ';' in /app/public/wp-content/themes/fictional-university-theme/functions.php on line 139
[09-May-2019 08:50:37 UTC] PHP Parse error:  syntax error, unexpected '}', expecting ';' in /app/public/wp-content/themes/fictional-university-theme/functions.php on line 139
[09-May-2019 08:50:41 UTC] PHP Parse error:  syntax error, unexpected '}', expecting ';' in /app/public/wp-content/themes/fictional-university-theme/functions.php on line 139
[10-May-2019 01:04:50 UTC] PHP Parse error:  syntax error, unexpected '=>' (T_DOUBLE_ARROW), expecting ',' or ';' in /app/public/wp-content/themes/fictional-university-theme/single-professor.php on line 30
[10-May-2019 02:04:53 UTC] PHP Parse error:  syntax error, unexpected ''callback'' (T_CONSTANT_ENCAPSED_STRING), expecting ')' in /app/public/wp-content/themes/fictional-university-theme/inc/like-route.php on line 8
[10-May-2019 02:18:54 UTC] PHP Parse error:  syntax error, unexpected ''callback'' (T_CONSTANT_ENCAPSED_STRING), expecting ')' in /app/public/wp-content/themes/fictional-university-theme/inc/like-route.php on line 8
[10-May-2019 03:15:46 UTC] PHP Parse error:  syntax error, unexpected '}' in /app/public/wp-content/themes/fictional-university-theme/inc/like-route.php on line 30
[10-May-2019 03:15:57 UTC] PHP Parse error:  syntax error, unexpected '}' in /app/public/wp-content/themes/fictional-university-theme/inc/like-route.php on line 30
[10-May-2019 03:16:21 UTC] PHP Parse error:  syntax error, unexpected ';', expecting ')' in /app/public/wp-content/themes/fictional-university-theme/inc/like-route.php on line 26
[10-May-2019 03:16:21 UTC] PHP Parse error:  syntax error, unexpected ';', expecting ')' in /app/public/wp-content/themes/fictional-university-theme/inc/like-route.php on line 26
[10-May-2019 03:58:53 UTC] PHP Parse error:  syntax error, unexpected '}' in /app/public/wp-content/themes/fictional-university-theme/inc/like-route.php on line 58
